<?xml version="1.0" encoding="UTF-8"?>
<!-- Generated by org.testng.reporters.JUnitReportReporter -->
<testsuite skipped="0" hostname="DE772S4Y2" name="cucumberJava.runTest" tests="1" failures="0" timestamp="2022-09-10T21:20:43 IST" time="3.695" errors="0">
  <testcase name="runScenario" time="3.695" classname="cucumberJava.runTest"/>
  <system-out/>
</testsuite> <!-- cucumberJava.runTest -->
